<?xml version="1.0" encoding="UTF-8"?>
<!-- Generated by org.testng.reporters.JUnitXMLReporter -->
<testsuite ignored="0" hostname="ITEM-S132988" failures="1" tests="4" name="UserFlowTests" time="89.174" errors="0" timestamp="2025-04-21T20:37:51 IST">
  <testcase classname="testSuit.TC01_RegisterNewUser" name="registerNewUser" time="2.811"/>
  <testcase classname="testSuit.TC02_UserLoginAndLogout" name="f" time="0.174"/>
  <testcase classname="testSuit.TC03_CreateAndDelCreatedUser" name="f" time="0.159"/>
  <testcase classname="testSuit.TC04_SearchProducts" name="SerachProducts" time="16.221">
    <failure type="java.lang.AssertionError" message="null">
      <![CDATA[java.lang.AssertionError: null
at utils.ReportLogger.fun_logStepInReport(ReportLogger.java:24)
at testSuit.TC04_SearchProducts.SerachProducts(TC04_SearchProducts.java:26)
at java.base/java.util.ArrayList.forEach(ArrayList.java:1511)
... Removed 29 stack frames]]>
    </failure>
  </testcase> <!-- SerachProducts -->
</testsuite> <!-- UserFlowTests -->
