<?xml version="1.0" encoding="UTF-8"?>
<testng-results ignored="0" total="4" passed="3" failed="1" skipped="0">
  <reporter-output>
  </reporter-output>
  <suite started-at="2025-04-21T20:36:22 IST" name="BatchExecution" finished-at="2025-04-21T20:37:51 IST" duration-ms="89174">
    <groups>
    </groups>
    <test started-at="2025-04-21T20:36:22 IST" name="UserFlowTests" finished-at="2025-04-21T20:37:51 IST" duration-ms="89174">
      <class name="testSuit.TC04_SearchProducts">
        <test-method is-config="true" signature="fun_setUp(java.lang.reflect.Method)[pri:0, instance:testSuit.TC04_SearchProducts@3f6b0be5]" started-at="2025-04-21T20:37:28 IST" name="fun_setUp" finished-at="2025-04-21T20:37:34 IST" duration-ms="5902" status="PASS">
          <params>
            <param index="0">
              <value>
                <![CDATA[public void testSuit.TC04_SearchProducts.SerachProducts()]]>
              </value>
            </param>
          </params>
          <reporter-output>
          </reporter-output>
        </test-method> <!-- fun_setUp -->
        <test-method signature="SerachProducts()[pri:0, instance:testSuit.TC04_SearchProducts@3f6b0be5]" started-at="2025-04-21T20:37:34 IST" name="SerachProducts" finished-at="2025-04-21T20:37:50 IST" duration-ms="16221" status="FAIL">
          <exception class="java.lang.AssertionError">
            <message>
              <![CDATA[null]]>
            </message>
            <full-stacktrace>
              <![CDATA[java.lang.AssertionError: null
at org.testng.Assert.fail(Assert.java:99)
at org.testng.Assert.fail(Assert.java:106)
at utils.ReportLogger.fun_logStepInReport(ReportLogger.java:24)
at testSuit.TC04_SearchProducts.SerachProducts(TC04_SearchProducts.java:26)
at java.base/jdk.internal.reflect.NativeMethodAccessorImpl.invoke0(Native Method)
at java.base/jdk.internal.reflect.NativeMethodAccessorImpl.invoke(NativeMethodAccessorImpl.java:77)
at java.base/jdk.internal.reflect.DelegatingMethodAccessorImpl.invoke(DelegatingMethodAccessorImpl.java:43)
at java.base/java.lang.reflect.Method.invoke(Method.java:568)
at org.testng.internal.MethodInvocationHelper.invokeMethod(MethodInvocationHelper.java:133)
at org.testng.internal.TestInvoker.invokeMethod(TestInvoker.java:598)
at org.testng.internal.TestInvoker.invokeTestMethod(TestInvoker.java:173)
at org.testng.internal.MethodRunner.runInSequence(MethodRunner.java:46)
at org.testng.internal.TestInvoker$MethodInvocationAgent.invoke(TestInvoker.java:824)
at org.testng.internal.TestInvoker.invokeTestMethods(TestInvoker.java:146)
at org.testng.internal.TestMethodWorker.invokeTestMethods(TestMethodWorker.java:146)
at org.testng.internal.TestMethodWorker.run(TestMethodWorker.java:128)
at java.base/java.util.ArrayList.forEach(ArrayList.java:1511)
at org.testng.TestRunner.privateRun(TestRunner.java:794)
at org.testng.TestRunner.run(TestRunner.java:596)
at org.testng.SuiteRunner.runTest(SuiteRunner.java:377)
at org.testng.SuiteRunner.runSequentially(SuiteRunner.java:371)
at org.testng.SuiteRunner.privateRun(SuiteRunner.java:332)
at org.testng.SuiteRunner.run(SuiteRunner.java:276)
at org.testng.SuiteRunnerWorker.runSuite(SuiteRunnerWorker.java:53)
at org.testng.SuiteRunnerWorker.run(SuiteRunnerWorker.java:96)
at org.testng.TestNG.runSuitesSequentially(TestNG.java:1212)
at org.testng.TestNG.runSuitesLocally(TestNG.java:1134)
at org.testng.TestNG.runSuites(TestNG.java:1063)
at org.testng.TestNG.run(TestNG.java:1031)
at org.testng.remote.AbstractRemoteTestNG.run(AbstractRemoteTestNG.java:115)
at org.testng.remote.RemoteTestNG.initAndRun(RemoteTestNG.java:251)
at org.testng.remote.RemoteTestNG.main(RemoteTestNG.java:77)
]]>
            </full-stacktrace>
          </exception> <!-- java.lang.AssertionError -->
          <reporter-output>
          </reporter-output>
        </test-method> <!-- SerachProducts -->
        <test-method is-config="true" signature="fun_tearDown(org.testng.ITestResult)[pri:0, instance:testSuit.TC04_SearchProducts@3f6b0be5]" started-at="2025-04-21T20:37:50 IST" name="fun_tearDown" finished-at="2025-04-21T20:37:51 IST" duration-ms="801" status="PASS">
          <params>
            <param index="0">
              <value>
                <![CDATA[[TestResult name=SerachProducts status=FAILURE method=TC04_SearchProducts.SerachProducts()[pri:0, instance:testSuit.TC04_SearchProducts@3f6b0be5] output={null}]]]>
              </value>
            </param>
          </params>
          <reporter-output>
          </reporter-output>
        </test-method> <!-- fun_tearDown -->
      </class> <!-- testSuit.TC04_SearchProducts -->
      <class name="testSuit.TC03_CreateAndDelCreatedUser">
        <test-method is-config="true" signature="fun_setUp(java.lang.reflect.Method)[pri:0, instance:testSuit.TC03_CreateAndDelCreatedUser@3b6ddd1d]" started-at="2025-04-21T20:36:59 IST" name="fun_setUp" finished-at="2025-04-21T20:37:28 IST" duration-ms="28682" status="PASS">
          <params>
            <param index="0">
              <value>
                <![CDATA[public void testSuit.TC03_CreateAndDelCreatedUser.f()]]>
              </value>
            </param>
          </params>
          <reporter-output>
          </reporter-output>
        </test-method> <!-- fun_setUp -->
        <test-method signature="f()[pri:0, instance:testSuit.TC03_CreateAndDelCreatedUser@3b6ddd1d]" started-at="2025-04-21T20:37:28 IST" name="f" finished-at="2025-04-21T20:37:28 IST" duration-ms="159" status="PASS">
          <reporter-output>
          </reporter-output>
        </test-method> <!-- f -->
        <test-method is-config="true" signature="fun_tearDown(org.testng.ITestResult)[pri:0, instance:testSuit.TC03_CreateAndDelCreatedUser@3b6ddd1d]" started-at="2025-04-21T20:37:28 IST" name="fun_tearDown" finished-at="2025-04-21T20:37:28 IST" duration-ms="619" status="PASS">
          <params>
            <param index="0">
              <value>
                <![CDATA[[TestResult name=f status=SUCCESS method=TC03_CreateAndDelCreatedUser.f()[pri:0, instance:testSuit.TC03_CreateAndDelCreatedUser@3b6ddd1d] output={null}]]]>
              </value>
            </param>
          </params>
          <reporter-output>
          </reporter-output>
        </test-method> <!-- fun_tearDown -->
      </class> <!-- testSuit.TC03_CreateAndDelCreatedUser -->
      <class name="testSuit.TC02_UserLoginAndLogout">
        <test-method is-config="true" signature="fun_setUp(java.lang.reflect.Method)[pri:0, instance:testSuit.TC02_UserLoginAndLogout@6283d8b8]" started-at="2025-04-21T20:36:36 IST" name="fun_setUp" finished-at="2025-04-21T20:36:58 IST" duration-ms="22578" status="PASS">
          <params>
            <param index="0">
              <value>
                <![CDATA[public void testSuit.TC02_UserLoginAndLogout.f()]]>
              </value>
            </param>
          </params>
          <reporter-output>
          </reporter-output>
        </test-method> <!-- fun_setUp -->
        <test-method signature="f()[pri:0, instance:testSuit.TC02_UserLoginAndLogout@6283d8b8]" started-at="2025-04-21T20:36:58 IST" name="f" finished-at="2025-04-21T20:36:58 IST" duration-ms="174" status="PASS">
          <reporter-output>
          </reporter-output>
        </test-method> <!-- f -->
        <test-method is-config="true" signature="fun_tearDown(org.testng.ITestResult)[pri:0, instance:testSuit.TC02_UserLoginAndLogout@6283d8b8]" started-at="2025-04-21T20:36:58 IST" name="fun_tearDown" finished-at="2025-04-21T20:36:59 IST" duration-ms="515" status="PASS">
          <params>
            <param index="0">
              <value>
                <![CDATA[[TestResult name=f status=SUCCESS method=TC02_UserLoginAndLogout.f()[pri:0, instance:testSuit.TC02_UserLoginAndLogout@6283d8b8] output={null}]]]>
              </value>
            </param>
          </params>
          <reporter-output>
          </reporter-output>
        </test-method> <!-- fun_tearDown -->
      </class> <!-- testSuit.TC02_UserLoginAndLogout -->
      <class name="testSuit.TC01_RegisterNewUser">
        <test-method is-config="true" signature="fun_setUp(java.lang.reflect.Method)[pri:0, instance:testSuit.TC01_RegisterNewUser@4de4b452]" started-at="2025-04-21T20:36:22 IST" name="fun_setUp" finished-at="2025-04-21T20:36:31 IST" duration-ms="9405" status="PASS">
          <params>
            <param index="0">
              <value>
                <![CDATA[public void testSuit.TC01_RegisterNewUser.registerNewUser()]]>
              </value>
            </param>
          </params>
          <reporter-output>
          </reporter-output>
        </test-method> <!-- fun_setUp -->
        <test-method signature="registerNewUser()[pri:0, instance:testSuit.TC01_RegisterNewUser@4de4b452]" started-at="2025-04-21T20:36:31 IST" name="registerNewUser" finished-at="2025-04-21T20:36:34 IST" duration-ms="2811" status="PASS">
          <reporter-output>
          </reporter-output>
        </test-method> <!-- registerNewUser -->
        <test-method is-config="true" signature="fun_tearDown(org.testng.ITestResult)[pri:0, instance:testSuit.TC01_RegisterNewUser@4de4b452]" started-at="2025-04-21T20:36:34 IST" name="fun_tearDown" finished-at="2025-04-21T20:36:36 IST" duration-ms="1252" status="PASS">
          <params>
            <param index="0">
              <value>
                <![CDATA[[TestResult name=registerNewUser status=SUCCESS method=TC01_RegisterNewUser.registerNewUser()[pri:0, instance:testSuit.TC01_RegisterNewUser@4de4b452] output={null}]]]>
              </value>
            </param>
          </params>
          <reporter-output>
          </reporter-output>
        </test-method> <!-- fun_tearDown -->
      </class> <!-- testSuit.TC01_RegisterNewUser -->
    </test> <!-- UserFlowTests -->
  </suite> <!-- BatchExecution -->
</testng-results>
